The system is: Windows - 10.0.18362 - AMD64
Compiling the C compiler identification source file "CMakeCCompilerId.c" succeeded.
Compiler: C:/Program Files (x86)/Microsoft Visual Studio/2019/Community/VC/Tools/MSVC/14.24.28314/bin/HostX64/x64/cl.exe 
Build flags: 
Id flags:  

The output was:
0
用于 x64 的 Microsoft (R) C/C++ 优化编译器 19.24.28315 版
版权所有(C) Microsoft Corporation。保留所有权利。

CMakeCCompilerId.c
Microsoft (R) Incremental Linker Version 14.24.28315.0
Copyright (C) Microsoft Corporation.  All rights reserved.

/out:CMakeCCompilerId.exe 
CMakeCCompilerId.obj 


Compilation of the C compiler identification source "CMakeCCompilerId.c" produced "CMakeCCompilerId.exe"

Compilation of the C compiler identification source "CMakeCCompilerId.c" produced "CMakeCCompilerId.obj"

The C compiler identification is MSVC, found in "C:/Users/Simon/Desktop/ICRA2020/ICRA2020决策代码备份/1-31/roborts_decision/out/build/x64-Debug/CMakeFiles/3.15.19101501-MSVC_2/CompilerIdC/CMakeCCompilerId.exe"

Compiling the CXX compiler identification source file "CMakeCXXCompilerId.cpp" succeeded.
Compiler: C:/Program Files (x86)/Microsoft Visual Studio/2019/Community/VC/Tools/MSVC/14.24.28314/bin/HostX64/x64/cl.exe 
Build flags: 
Id flags:  

The output was:
0
用于 x64 的 Microsoft (R) C/C++ 优化编译器 19.24.28315 版
版权所有(C) Microsoft Corporation。保留所有权利。

CMakeCXXCompilerId.cpp
Microsoft (R) Incremental Linker Version 14.24.28315.0
Copyright (C) Microsoft Corporation.  All rights reserved.

/out:CMakeCXXCompilerId.exe 
CMakeCXXCompilerId.obj 


Compilation of the CXX compiler identification source "CMakeCXXCompilerId.cpp" produced "CMakeCXXCompilerId.exe"

Compilation of the CXX compiler identification source "CMakeCXXCompilerId.cpp" produced "CMakeCXXCompilerId.obj"

The CXX compiler identification is MSVC, found in "C:/Users/Simon/Desktop/ICRA2020/ICRA2020决策代码备份/1-31/roborts_decision/out/build/x64-Debug/CMakeFiles/3.15.19101501-MSVC_2/CompilerIdCXX/CMakeCXXCompilerId.exe"

Determining if the C compiler works passed with the following output:
Change Dir: C:/Users/Simon/Desktop/ICRA2020/ICRA2020决策代码备份/1-31/roborts_decision/out/build/x64-Debug/CMakeFiles/CMakeTmp

Run Build Command(s):C:/Program Files (x86)/Microsoft Visual Studio/2019/Community/Common7/IDE/CommonExtensions/Microsoft/CMake/Ninja/ninja.exe cmTC_32a92 && [1/2] Building C object CMakeFiles\cmTC_32a92.dir\testCCompiler.c.obj
[2/2] Linking C executable cmTC_32a92.exe



Detecting C compiler ABI info compiled with the following output:
Change Dir: C:/Users/Simon/Desktop/ICRA2020/ICRA2020决策代码备份/1-31/roborts_decision/out/build/x64-Debug/CMakeFiles/CMakeTmp

Run Build Command(s):C:/Program Files (x86)/Microsoft Visual Studio/2019/Community/Common7/IDE/CommonExtensions/Microsoft/CMake/Ninja/ninja.exe cmTC_968b8 && [1/2] Building C object CMakeFiles\cmTC_968b8.dir\CMakeCCompilerABI.c.obj
[2/2] Linking C executable cmTC_968b8.exe



Determining if the CXX compiler works passed with the following output:
Change Dir: C:/Users/Simon/Desktop/ICRA2020/ICRA2020决策代码备份/1-31/roborts_decision/out/build/x64-Debug/CMakeFiles/CMakeTmp

Run Build Command(s):C:/Program Files (x86)/Microsoft Visual Studio/2019/Community/Common7/IDE/CommonExtensions/Microsoft/CMake/Ninja/ninja.exe cmTC_5ba8a && [1/2] Building CXX object CMakeFiles\cmTC_5ba8a.dir\testCXXCompiler.cxx.obj
[2/2] Linking CXX executable cmTC_5ba8a.exe



Detecting CXX compiler ABI info compiled with the following output:
Change Dir: C:/Users/Simon/Desktop/ICRA2020/ICRA2020决策代码备份/1-31/roborts_decision/out/build/x64-Debug/CMakeFiles/CMakeTmp

Run Build Command(s):C:/Program Files (x86)/Microsoft Visual Studio/2019/Community/Common7/IDE/CommonExtensions/Microsoft/CMake/Ninja/ninja.exe cmTC_e122d && [1/2] Building CXX object CMakeFiles\cmTC_e122d.dir\CMakeCXXCompilerABI.cpp.obj
[2/2] Linking CXX executable cmTC_e122d.exe



